<?xml version="1.0" encoding="UTF-8" ?>
<testsuite tests="10" failures="0" name="kz.zhanbolat.maintask.AppTest" time="0.031" errors="0" skipped="0">
  <properties>
[...]
</properties>
  <testcase classname="kz.zhanbolat.maintask.AppTest" name="testLoadData" time="0.02"/>
  <testcase classname="kz.zhanbolat.maintask.AppTest" name="testCalculatAvg" time="0"/>
  <testcase classname="kz.zhanbolat.maintask.AppTest" name="testParseIntoNumbers" time="0"/>
  <testcase classname="kz.zhanbolat.maintask.AppTest" name="testWriteData" time="0.007"/>
  <testcase classname="kz.zhanbolat.maintask.AppTest" name="parseIntoNumberShouldReturnException" time="0"/>
  <testcase classname="kz.zhanbolat.maintask.AppTest" name="isNumberShouldReturnFalse" time="0"/>
  <testcase classname="kz.zhanbolat.maintask.AppTest" name="isNumberShouldReturnTrue" time="0"/>
  <testcase classname="kz.zhanbolat.maintask.AppTest" name="testParseIntoNumber" time="0"/>
  <testcase classname="kz.zhanbolat.maintask.AppTest" name="loadDataShouldThrowMemoryAllocationException" time="0.002"/>
  <testcase classname="kz.zhanbolat.maintask.AppTest" name="testCalculateSum" time="0.002"/>
</testsuite>